MATLAB is selecting SOFTWARE OPENGL rendering.

	 Compiling Imaging Data
	 working on imaging data for file 1 of 6
	 working on imaging data for file 2 of 6
	 working on imaging data for file 3 of 6
	 working on imaging data for file 4 of 6
	 working on imaging data for file 5 of 6
	 working on imaging data for file 6 of 6
	 Comparing within rec/mouse/site across depths
	 working on ephys data for file 1 of 6
	 working on ephys data for file 2 of 6
	 working on ephys data for file 3 of 6
	 working on ephys data for file 4 of 6
	 working on ephys data for file 5 of 6
	 working on ephys data for file 6 of 6
	 training models probe 1 of 4 rec 1 of 6
	 glm
	 feedforward
	 training models probe 2 of 4 rec 1 of 6
	 glm
	 feedforward
	 training models probe 3 of 4 rec 1 of 6
	 glm
	 feedforward
	 training models probe 4 of 4 rec 1 of 6
	 glm
	 feedforward
	 training models probe 1 of 4 rec 2 of 6
	 training models probe 2 of 4 rec 2 of 6
	 glm
	 feedforward
	 training models probe 3 of 4 rec 2 of 6
	 glm
	 feedforward
	 training models probe 4 of 4 rec 2 of 6
	 glm
	 feedforward
	 training models probe 1 of 4 rec 3 of 6
	 glm
	 feedforward
	 training models probe 2 of 4 rec 3 of 6
	 training models probe 3 of 4 rec 3 of 6
	 glm
	 feedforward
	 training models probe 4 of 4 rec 3 of 6
	 glm
	 feedforward
	 training models probe 1 of 4 rec 4 of 6
	 training models probe 2 of 4 rec 4 of 6
	 training models probe 3 of 4 rec 4 of 6
	 glm
	 feedforward
	 training models probe 4 of 4 rec 4 of 6
	 glm
	 feedforward
	 training models probe 1 of 4 rec 5 of 6
	 glm
	 feedforward
	 training models probe 2 of 4 rec 5 of 6
	 training models probe 3 of 4 rec 5 of 6
	 glm
	 feedforward
	 training models probe 4 of 4 rec 5 of 6
	 glm
	 feedforward
	 training models probe 1 of 4 rec 6 of 6
	 glm
	 feedforward
	 training models probe 2 of 4 rec 6 of 6
	 training models probe 3 of 4 rec 6 of 6
	 glm
	 feedforward
	 training models probe 4 of 4 rec 6 of 6
	 glm
	 feedforward	
 working on comparison 1 of 24
addGLMint 0
addGLMint 0	
 working on comparison 2 of 24
addGLMint 0
addGLMint 0	
 working on comparison 3 of 24
addGLMint 0
addGLMint 0	
 working on comparison 4 of 24
addGLMint 0
addGLMint 0	
 working on comparison 5 of 24	
 working on comparison 6 of 24
addGLMint 0
addGLMint 0	
 working on comparison 7 of 24
addGLMint 0
addGLMint 0	
 working on comparison 8 of 24
addGLMint 0
addGLMint 0	
 working on comparison 9 of 24
addGLMint 0
addGLMint 0	
 working on comparison 10 of 24	
 working on comparison 11 of 24
addGLMint 0
addGLMint 0	
 working on comparison 12 of 24
addGLMint 0
addGLMint 0	
 working on comparison 13 of 24	
 working on comparison 14 of 24	
 working on comparison 15 of 24
addGLMint 0
addGLMint 0	
 working on comparison 16 of 24
addGLMint 0
addGLMint 0	
 working on comparison 17 of 24
addGLMint 0
addGLMint 0	
 working on comparison 18 of 24	
 working on comparison 19 of 24
addGLMint 0
addGLMint 0	
 working on comparison 20 of 24
addGLMint 0
addGLMint 0	
 working on comparison 21 of 24
addGLMint 0
addGLMint 0	
 working on comparison 22 of 24	
 working on comparison 23 of 24
addGLMint 0
addGLMint 0	
 working on comparison 24 of 24
addGLMint 0
addGLMint 0
	saving