MATLAB is selecting SOFTWARE OPENGL rendering.

	 Compiling Imaging Data
	 working on imaging data for file 1 of 6
	 working on imaging data for file 2 of 6
	 working on imaging data for file 3 of 6
	 working on imaging data for file 4 of 6
	 working on imaging data for file 5 of 6
	 working on imaging data for file 6 of 6
	 working on ephys data for file 1 of 6
	 working on ephys data for file 2 of 6
	 working on ephys data for file 3 of 6
	 working on ephys data for file 4 of 6
	 working on ephys data for file 5 of 6
	 working on ephys data for file 6 of 6
	 n = 162000
	 training models probe 1 of 1 rec 1 of 1
	 glm	
 working on comparison 1 of 24{Brace indexing is not supported for variables of this type.

Error in GenerateDeconvolutionGLM (line 107)
            trained_opts{train_idx(i,1)}{train_idx(i,2)}
} 
